0 info it worked if it ends with ok
1 verbose cli [ 'node', '/usr/local/bin/npm', 'install', '-g', 'yo' ]
2 info using npm@2.10.1
3 info using node@v0.12.4
4 verbose install initial load of /usr/local/lib/package.json
5 verbose readDependencies loading dependencies from /usr/local/lib/package.json
6 silly cache add args [ 'yo', null ]
7 verbose cache add spec yo
8 silly cache add parsed spec { raw: 'yo',
8 silly cache add   scope: null,
8 silly cache add   name: 'yo',
8 silly cache add   rawSpec: '',
8 silly cache add   spec: '*',
8 silly cache add   type: 'range' }
9 silly addNamed yo@*
10 verbose addNamed "*" is a valid semver range for yo
11 silly addNameRange { name: 'yo', range: '*', hasData: false }
12 silly mapToRegistry name yo
13 silly mapToRegistry using default registry
14 silly mapToRegistry registry https://registry.npmjs.org/
15 silly mapToRegistry uri https://registry.npmjs.org/yo
16 verbose addNameRange registry:https://registry.npmjs.org/yo not in flight; fetching
17 verbose request uri https://registry.npmjs.org/yo
18 verbose request no auth needed
19 info attempt registry request try #1 at 8:56:21 PM
20 verbose request id c2c89072f60bc6c9
21 verbose etag "8K8X0WZW892XT7600DG9AWLTP"
22 http request GET https://registry.npmjs.org/yo
23 http 304 https://registry.npmjs.org/yo
24 silly get cb [ 304,
24 silly get   { date: 'Sat, 11 Jul 2015 03:56:21 GMT',
24 silly get     via: '1.1 varnish',
24 silly get     'cache-control': 'max-age=60',
24 silly get     etag: '"8K8X0WZW892XT7600DG9AWLTP"',
24 silly get     age: '31',
24 silly get     connection: 'keep-alive',
24 silly get     'x-served-by': 'cache-iad2142-IAD',
24 silly get     'x-cache': 'HIT',
24 silly get     'x-cache-hits': '1',
24 silly get     'x-timer': 'S1436586981.325393,VS0,VE0',
24 silly get     vary: 'Accept' } ]
25 verbose etag https://registry.npmjs.org/yo from cache
26 verbose get saving yo to /Users/digvargas/.npm/registry.npmjs.org/yo/.cache.json
27 silly addNameRange number 2 { name: 'yo', range: '*', hasData: true }
28 silly addNameRange versions [ 'yo',
28 silly addNameRange   [ '1.1.0',
28 silly addNameRange     '1.1.1',
28 silly addNameRange     '1.1.2',
28 silly addNameRange     '1.2.0',
28 silly addNameRange     '1.2.1',
28 silly addNameRange     '1.3.0',
28 silly addNameRange     '1.3.2',
28 silly addNameRange     '1.3.3',
28 silly addNameRange     '1.4.1',
28 silly addNameRange     '1.4.2',
28 silly addNameRange     '1.4.4',
28 silly addNameRange     '1.4.5',
28 silly addNameRange     '1.4.6',
28 silly addNameRange     '1.4.7' ] ]
29 silly addNamed yo@1.4.7
30 verbose addNamed "1.4.7" is a plain semver version for yo
31 silly cache afterAdd yo@1.4.7
32 verbose afterAdd /Users/digvargas/.npm/yo/1.4.7/package/package.json not in flight; writing
33 verbose afterAdd /Users/digvargas/.npm/yo/1.4.7/package/package.json written
34 silly install resolved [ { name: 'yo',
34 silly install resolved     version: '1.4.7',
34 silly install resolved     description: 'CLI tool for running Yeoman generators',
34 silly install resolved     license: 'BSD-2-Clause',
34 silly install resolved     bin: { yo: 'lib/cli.js' },
34 silly install resolved     author: { name: 'Yeoman' },
34 silly install resolved     repository: { type: 'git', url: 'git+https://github.com/yeoman/yo.git' },
34 silly install resolved     engines: { node: '>=0.10.0', npm: '>=2.8.0' },
34 silly install resolved     scripts:
34 silly install resolved      { test: 'jshint . && mocha test/**/*.js',
34 silly install resolved        postinstall: 'yodoctor',
34 silly install resolved        postupdate: 'yodoctor',
34 silly install resolved        prepublish: 'nsp audit-package' },
34 silly install resolved     files: [ 'lib' ],
34 silly install resolved     keywords:
34 silly install resolved      [ 'cli-app',
34 silly install resolved        'cli',
34 silly install resolved        'bin',
34 silly install resolved        'front-end',
34 silly install resolved        'development',
34 silly install resolved        'dev',
34 silly install resolved        'build',
34 silly install resolved        'web',
34 silly install resolved        'tool',
34 silly install resolved        'scaffold',
34 silly install resolved        'stack',
34 silly install resolved        'yeoman',
34 silly install resolved        'generator',
34 silly install resolved        'generate',
34 silly install resolved        'app',
34 silly install resolved        'boilerplate' ],
34 silly install resolved     dependencies:
34 silly install resolved      { 'array-uniq': '^1.0.2',
34 silly install resolved        async: '^1.0.0',
34 silly install resolved        chalk: '^1.0.0',
34 silly install resolved        configstore: '^1.0.0',
34 silly install resolved        'cross-spawn': '^0.4.0',
34 silly install resolved        figures: '^1.3.5',
34 silly install resolved        findup: '^0.1.5',
34 silly install resolved        fullname: '^1.0.0',
34 silly install resolved        got: '^3.2.0',
34 silly install resolved        'humanize-string': '^1.0.0',
34 silly install resolved        inquirer: '^0.8.0',
34 silly install resolved        insight: '^0.6.0',
34 silly install resolved        lodash: '^3.2.0',
34 silly install resolved        meow: '^3.0.0',
34 silly install resolved        'npm-keyword': '^1.1.1',
34 silly install resolved        opn: '^1.0.0',
34 silly install resolved        'package-json': '^1.1.0',
34 silly install resolved        repeating: '^1.1.2',
34 silly install resolved        'root-check': '^1.0.0',
34 silly install resolved        'sort-on': '^1.0.0',
34 silly install resolved        'string-length': '^1.0.0',
34 silly install resolved        titleize: '^1.0.0',
34 silly install resolved        'update-notifier': '^0.5.0',
34 silly install resolved        'user-home': '^1.1.0',
34 silly install resolved        'yeoman-character': '^1.0.0',
34 silly install resolved        'yeoman-doctor': '^1.0.0',
34 silly install resolved        'yeoman-environment': '^1.0.1',
34 silly install resolved        yosay: '^1.0.0' },
34 silly install resolved     devDependencies:
34 silly install resolved      { jshint: '^2.5.11',
34 silly install resolved        mocha: '^2.1.0',
34 silly install resolved        mockery: '^1.4.0',
34 silly install resolved        nock: '^2.0.1',
34 silly install resolved        nsp: '*',
34 silly install resolved        proxyquire: '^1.0.1',
34 silly install resolved        'registry-url': '^3.0.0',
34 silly install resolved        sinon: '^1.12.1' },
34 silly install resolved     preferGlobal: true,
34 silly install resolved     gitHead: '675d647162f1ecd7f290995078cf8ab42756bf9d',
34 silly install resolved     bugs: { url: 'https://github.com/yeoman/yo/issues' },
34 silly install resolved     homepage: 'https://github.com/yeoman/yo',
34 silly install resolved     _id: 'yo@1.4.7',
34 silly install resolved     _shasum: '7eecb354f6f4df2dafbc2da53d30f7f7fafcb450',
34 silly install resolved     _from: 'yo@*',
34 silly install resolved     _npmVersion: '2.10.1',
34 silly install resolved     _nodeVersion: '0.12.4',
34 silly install resolved     _npmUser: { name: 'sindresorhus', email: 'sindresorhus@gmail.com' },
34 silly install resolved     dist:
34 silly install resolved      { shasum: '7eecb354f6f4df2dafbc2da53d30f7f7fafcb450',
34 silly install resolved        tarball: 'http://registry.npmjs.org/yo/-/yo-1.4.7.tgz' },
34 silly install resolved     maintainers: [ [Object], [Object], [Object], [Object], [Object], [Object] ],
34 silly install resolved     directories: {},
34 silly install resolved     _resolved: 'https://registry.npmjs.org/yo/-/yo-1.4.7.tgz',
34 silly install resolved     readme: 'ERROR: No README data found!' } ]
35 info install yo@1.4.7 into /usr/local/lib
36 info installOne yo@1.4.7
37 verbose installOne of yo to /usr/local/lib not in flight; installing
38 verbose lock using /Users/digvargas/.npm/_locks/yo-c80abb7e04f27e35.lock for /usr/local/lib/node_modules/yo
39 silly install write writing yo 1.4.7 to /usr/local/lib/node_modules/yo
40 verbose unbuild lib/node_modules/yo
41 info preuninstall yo@1.4.7
42 info uninstall yo@1.4.7
43 verbose unbuild rmStuff yo@1.4.7 from /usr/local/lib/node_modules
44 silly gentlyRm /usr/local/bin/yo is being gently removed
45 silly gentlyRm verifying /usr/local is an npm working directory
46 silly gentlyRm containing path /usr/local is under npm's control, in /usr/local
47 silly gentlyRm deletion target /usr/local/bin/yo is under /usr/local
48 verbose gentlyRm vacuuming from /usr/local/bin/yo up to /usr/local
49 silly vacuum-fs removing /usr/local/bin/yo
50 silly vacuum-fs quitting because other entries in /usr/local/bin
51 info postuninstall yo@1.4.7
52 silly gentlyRm /usr/local/lib/node_modules/yo is being purged from base /usr/local
53 verbose gentlyRm don't care about contents; nuking /usr/local/lib/node_modules/yo
54 silly vacuum-fs purging /usr/local/lib/node_modules/yo
55 verbose unlock done using /Users/digvargas/.npm/_locks/yo-c80abb7e04f27e35.lock for /usr/local/lib/node_modules/yo
56 verbose stack Error: EACCES, rmdir '/usr/local/lib/node_modules/yo'
56 verbose stack     at Error (native)
57 verbose cwd /Users/digvargas/Projects/rain-hackathon
58 error Darwin 14.3.0
59 error argv "node" "/usr/local/bin/npm" "install" "-g" "yo"
60 error node v0.12.4
61 error npm  v2.10.1
62 error path /usr/local/lib/node_modules/yo
63 error code EACCES
64 error errno -13
65 error Error: EACCES, rmdir '/usr/local/lib/node_modules/yo'
65 error     at Error (native)
65 error  { [Error: EACCES, rmdir '/usr/local/lib/node_modules/yo']
65 error   errno: -13,
65 error   code: 'EACCES',
65 error   path: '/usr/local/lib/node_modules/yo' }
66 error Please try running this command again as root/Administrator.
67 verbose exit [ -13, true ]
68 verbose unbuild lib/node_modules/yo
69 info preuninstall yo@1.4.7
70 info uninstall yo@1.4.7
71 verbose unbuild rmStuff yo@1.4.7 from /usr/local/lib/node_modules
72 silly gentlyRm /usr/local/bin/yo is being gently removed
73 silly gentlyRm verifying /usr/local is an npm working directory
74 silly gentlyRm containing path /usr/local is under npm's control, in /usr/local
75 silly gentlyRm deletion target /usr/local/bin/yo is under /usr/local
76 verbose gentlyRm vacuuming from /usr/local/bin/yo up to /usr/local
77 info postuninstall yo@1.4.7
78 silly gentlyRm /usr/local/lib/node_modules/yo is being purged from base /usr/local
79 verbose gentlyRm don't care about contents; nuking /usr/local/lib/node_modules/yo
80 silly vacuum-fs purging /usr/local/lib/node_modules/yo
81 error error rolling back Error: EACCES, rmdir '/usr/local/lib/node_modules/yo'
81 error error rolling back     at Error (native)
81 error error rolling back  { [Error: EACCES, rmdir '/usr/local/lib/node_modules/yo']
81 error error rolling back   errno: -13,
81 error error rolling back   code: 'EACCES',
81 error error rolling back   path: '/usr/local/lib/node_modules/yo' }
